<?xml version="1.0" encoding="UTF-8"?>
<testsuite name="baseline.PaymentCalculatorTest" tests="1" skipped="0" failures="0" errors="0" timestamp="2021-10-01T01:35:51" hostname="DESKTOP-60QMB9L" time="0.015">
  <properties/>
  <testcase name="calculateMonthsUntilPaidOff()" classname="baseline.PaymentCalculatorTest" time="0.015"/>
  <system-out><![CDATA[]]></system-out>
  <system-err><![CDATA[]]></system-err>
</testsuite>
