<?xml version="1.0" encoding="UTF-8"?>
<testsuite name="baseline.Solution24Test" tests="1" skipped="0" failures="0" errors="0" timestamp="2021-09-29T21:42:17" hostname="DESKTOP-60QMB9L" time="0.015">
  <properties/>
  <testcase name="test_anagram_checker()" classname="baseline.Solution24Test" time="0.015"/>
  <system-out><![CDATA[]]></system-out>
  <system-err><![CDATA[]]></system-err>
</testsuite>
